2020-05-14 06:08:39.117  INFO 4990 --- [main] com.nie.elevator.Application             : Starting Application on praneeth-X556UV with PID 4990 (/home/praneeth/Documents/Spring-boot/AA/ElevatorApplication/target/classes started by praneeth in /home/praneeth/Documents/Spring-boot/AA/ElevatorApplication)
2020-05-14 06:08:39.203  INFO 4990 --- [main] ationConfigEmbeddedWebApplicationContext : Refreshing org.springframework.boot.context.embedded.AnnotationConfigEmbeddedWebApplicationContext@24b53452: startup date [Thu May 14 06:08:39 IST 2020]; root of context hierarchy
2020-05-14 06:08:40.191  INFO 4990 --- [main] o.s.b.f.s.DefaultListableBeanFactory     : Overriding bean definition for bean 'beanNameViewResolver': replacing [Root bean: class [null]; scope=; abstract=false; lazyInit=false; autowireMode=3; dependencyCheck=0; autowireCandidate=true; primary=false; factoryBeanName=org.springframework.boot.autoconfigure.web.ErrorMvcAutoConfiguration$WhitelabelErrorViewConfiguration; factoryMethodName=beanNameViewResolver; initMethodName=null; destroyMethodName=(inferred); defined in class path resource [org/springframework/boot/autoconfigure/web/ErrorMvcAutoConfiguration$WhitelabelErrorViewConfiguration.class]] with [Root bean: class [null]; scope=; abstract=false; lazyInit=false; autowireMode=3; dependencyCheck=0; autowireCandidate=true; primary=false; factoryBeanName=org.springframework.boot.autoconfigure.web.WebMvcAutoConfiguration$WebMvcAutoConfigurationAdapter; factoryMethodName=beanNameViewResolver; initMethodName=null; destroyMethodName=(inferred); defined in class path resource [org/springframework/boot/autoconfigure/web/WebMvcAutoConfiguration$WebMvcAutoConfigurationAdapter.class]]
2020-05-14 06:08:41.180  INFO 4990 --- [main] trationDelegate$BeanPostProcessorChecker : Bean 'org.springframework.scheduling.annotation.ProxyAsyncConfiguration' of type [class org.springframework.scheduling.annotation.ProxyAsyncConfiguration$$EnhancerBySpringCGLIB$$3c519db1] is not eligible for getting processed by all BeanPostProcessors (for example: not eligible for auto-proxying)
2020-05-14 06:08:41.322  INFO 4990 --- [main] trationDelegate$BeanPostProcessorChecker : Bean 'org.springframework.transaction.annotation.ProxyTransactionManagementConfiguration' of type [class org.springframework.transaction.annotation.ProxyTransactionManagementConfiguration$$EnhancerBySpringCGLIB$$252d2570] is not eligible for getting processed by all BeanPostProcessors (for example: not eligible for auto-proxying)
2020-05-14 06:08:41.340  INFO 4990 --- [main] trationDelegate$BeanPostProcessorChecker : Bean 'transactionAttributeSource' of type [class org.springframework.transaction.annotation.AnnotationTransactionAttributeSource] is not eligible for getting processed by all BeanPostProcessors (for example: not eligible for auto-proxying)
2020-05-14 06:08:41.369  INFO 4990 --- [main] trationDelegate$BeanPostProcessorChecker : Bean 'transactionInterceptor' of type [class org.springframework.transaction.interceptor.TransactionInterceptor] is not eligible for getting processed by all BeanPostProcessors (for example: not eligible for auto-proxying)
2020-05-14 06:08:41.374  INFO 4990 --- [main] trationDelegate$BeanPostProcessorChecker : Bean 'org.springframework.transaction.config.internalTransactionAdvisor' of type [class org.springframework.transaction.interceptor.BeanFactoryTransactionAttributeSourceAdvisor] is not eligible for getting processed by all BeanPostProcessors (for example: not eligible for auto-proxying)
2020-05-14 06:08:42.157  INFO 4990 --- [main] s.b.c.e.t.TomcatEmbeddedServletContainer : Tomcat initialized with port(s): 8081 (http)
2020-05-14 06:08:42.788  INFO 4990 --- [main] o.apache.catalina.core.StandardService   : Starting service Tomcat
2020-05-14 06:08:42.790  INFO 4990 --- [main] org.apache.catalina.core.StandardEngine  : Starting Servlet Engine: Apache Tomcat/8.0.23
2020-05-14 06:08:43.011  INFO 4990 --- [localhost-startStop-1] o.a.c.c.C.[Tomcat].[localhost].[/]       : Initializing Spring embedded WebApplicationContext
2020-05-14 06:08:43.012  INFO 4990 --- [localhost-startStop-1] o.s.web.context.ContextLoader            : Root WebApplicationContext: initialization completed in 3809 ms
2020-05-14 06:08:44.298  INFO 4990 --- [localhost-startStop-1] o.s.b.c.e.ServletRegistrationBean        : Mapping servlet: 'dispatcherServlet' to [/]
2020-05-14 06:08:44.304  INFO 4990 --- [localhost-startStop-1] o.s.b.c.embedded.FilterRegistrationBean  : Mapping filter: 'characterEncodingFilter' to: [/*]
2020-05-14 06:08:44.305  INFO 4990 --- [localhost-startStop-1] o.s.b.c.embedded.FilterRegistrationBean  : Mapping filter: 'hiddenHttpMethodFilter' to: [/*]
2020-05-14 06:08:44.773  INFO 4990 --- [main] j.LocalContainerEntityManagerFactoryBean : Building JPA container EntityManagerFactory for persistence unit 'default'
2020-05-14 06:08:44.815  INFO 4990 --- [main] o.hibernate.jpa.internal.util.LogHelper  : HHH000204: Processing PersistenceUnitInfo [
	name: default
	...]
2020-05-14 06:08:44.982  INFO 4990 --- [main] org.hibernate.Version                    : HHH000412: Hibernate Core {4.3.10.Final}
2020-05-14 06:08:44.985  INFO 4990 --- [main] org.hibernate.cfg.Environment            : HHH000206: hibernate.properties not found
2020-05-14 06:08:44.990  INFO 4990 --- [main] org.hibernate.cfg.Environment            : HHH000021: Bytecode provider name : javassist
2020-05-14 06:08:45.483  INFO 4990 --- [main] o.hibernate.annotations.common.Version   : HCANN000001: Hibernate Commons Annotations {4.0.5.Final}
2020-05-14 06:08:46.279  INFO 4990 --- [main] org.hibernate.dialect.Dialect            : HHH000400: Using dialect: org.hibernate.dialect.H2Dialect
2020-05-14 06:08:46.539  INFO 4990 --- [main] o.h.h.i.ast.ASTQueryTranslatorFactory    : HHH000397: Using ASTQueryTranslatorFactory
2020-05-14 06:08:47.080  INFO 4990 --- [main] org.hibernate.tool.hbm2ddl.SchemaExport  : HHH000227: Running hbm2ddl schema export
2020-05-14 06:08:47.091  INFO 4990 --- [main] org.hibernate.tool.hbm2ddl.SchemaExport  : HHH000230: Schema export complete
2020-05-14 06:08:47.873  INFO 4990 --- [main] s.w.s.m.m.a.RequestMappingHandlerAdapter : Looking for @ControllerAdvice: org.springframework.boot.context.embedded.AnnotationConfigEmbeddedWebApplicationContext@24b53452: startup date [Thu May 14 06:08:39 IST 2020]; root of context hierarchy
2020-05-14 06:08:48.002  INFO 4990 --- [main] s.w.s.m.m.a.RequestMappingHandlerMapping : Mapped "{[/smartkent/liftsimulation],methods=[GET]}" onto public java.lang.String com.nie.elevator.controller.ElevatorController.requestElevator(int,int)
2020-05-14 06:08:48.003  INFO 4990 --- [main] s.w.s.m.m.a.RequestMappingHandlerMapping : Mapped "{[/smartkent],methods=[GET]}" onto public java.util.List<com.nie.elevator.business.Elevator> com.nie.elevator.controller.ElevatorController.findElevators()
2020-05-14 06:08:48.007  INFO 4990 --- [main] s.w.s.m.m.a.RequestMappingHandlerMapping : Mapped "{[/error],produces=[text/html]}" onto public org.springframework.web.servlet.ModelAndView org.springframework.boot.autoconfigure.web.BasicErrorController.errorHtml(javax.servlet.http.HttpServletRequest)
2020-05-14 06:08:48.007  INFO 4990 --- [main] s.w.s.m.m.a.RequestMappingHandlerMapping : Mapped "{[/error]}" onto public org.springframework.http.ResponseEntity<java.util.Map<java.lang.String, java.lang.Object>> org.springframework.boot.autoconfigure.web.BasicErrorController.error(javax.servlet.http.HttpServletRequest)
2020-05-14 06:08:48.014  INFO 4990 --- [main] o.s.w.s.c.a.WebMvcConfigurerAdapter      : Adding welcome page: file:/home/praneeth/Documents/Spring-boot/AA/ElevatorApplication/target/classes/static/index.html
2020-05-14 06:08:48.040  INFO 4990 --- [main] o.s.w.s.handler.SimpleUrlHandlerMapping  : Root mapping to handler of type [class org.springframework.web.servlet.mvc.ParameterizableViewController]
2020-05-14 06:08:48.052  INFO 4990 --- [main] o.s.w.s.handler.SimpleUrlHandlerMapping  : Mapped URL path [/webjars/**] onto handler of type [class org.springframework.web.servlet.resource.ResourceHttpRequestHandler]
2020-05-14 06:08:48.053  INFO 4990 --- [main] o.s.w.s.handler.SimpleUrlHandlerMapping  : Mapped URL path [/**] onto handler of type [class org.springframework.web.servlet.resource.ResourceHttpRequestHandler]
2020-05-14 06:08:48.173  INFO 4990 --- [main] o.s.w.s.handler.SimpleUrlHandlerMapping  : Mapped URL path [/**/favicon.ico] onto handler of type [class org.springframework.web.servlet.resource.ResourceHttpRequestHandler]
2020-05-14 06:08:48.381  INFO 4990 --- [main] o.s.j.e.a.AnnotationMBeanExporter        : Registering beans for JMX exposure on startup
2020-05-14 06:08:48.547  INFO 4990 --- [main] s.b.c.e.t.TomcatEmbeddedServletContainer : Tomcat started on port(s): 8081 (http)
2020-05-14 06:08:48.549  INFO 4990 --- [main] com.nie.elevator.Application             : Started Application in 9.981 seconds (JVM running for 23.726)
