2020-05-13 22:05:32.938  INFO 16063 --- [Thread-2] ationConfigEmbeddedWebApplicationContext : Closing org.springframework.boot.context.embedded.AnnotationConfigEmbeddedWebApplicationContext@19dbc100: startup date [Wed May 13 22:00:11 IST 2020]; root of context hierarchy
2020-05-13 22:05:32.944  INFO 16063 --- [Thread-2] o.s.j.e.a.AnnotationMBeanExporter        : Unregistering JMX-exposed beans on shutdown
2020-05-13 22:05:32.959  INFO 16063 --- [Thread-2] j.LocalContainerEntityManagerFactoryBean : Closing JPA EntityManagerFactory for persistence unit 'default'
2020-05-13 22:05:32.960  INFO 16063 --- [Thread-2] org.hibernate.tool.hbm2ddl.SchemaExport  : HHH000227: Running hbm2ddl schema export
2020-05-13 22:05:32.967  INFO 16063 --- [Thread-2] org.hibernate.tool.hbm2ddl.SchemaExport  : HHH000230: Schema export complete
2020-05-13 22:05:46.716  INFO 16530 --- [main] com.nie.elevator.Application             : Starting Application on praneeth-X556UV with PID 16530 (/home/praneeth/Documents/Spring-boot/AA/ElevatorApplication/target/classes started by praneeth in /home/praneeth/Documents/Spring-boot/AA/ElevatorApplication)
2020-05-13 22:05:46.757  INFO 16530 --- [main] ationConfigEmbeddedWebApplicationContext : Refreshing org.springframework.boot.context.embedded.AnnotationConfigEmbeddedWebApplicationContext@6c5eaf5e: startup date [Wed May 13 22:05:46 IST 2020]; root of context hierarchy
2020-05-13 22:05:47.526  INFO 16530 --- [main] o.s.b.f.s.DefaultListableBeanFactory     : Overriding bean definition for bean 'beanNameViewResolver': replacing [Root bean: class [null]; scope=; abstract=false; lazyInit=false; autowireMode=3; dependencyCheck=0; autowireCandidate=true; primary=false; factoryBeanName=org.springframework.boot.autoconfigure.web.ErrorMvcAutoConfiguration$WhitelabelErrorViewConfiguration; factoryMethodName=beanNameViewResolver; initMethodName=null; destroyMethodName=(inferred); defined in class path resource [org/springframework/boot/autoconfigure/web/ErrorMvcAutoConfiguration$WhitelabelErrorViewConfiguration.class]] with [Root bean: class [null]; scope=; abstract=false; lazyInit=false; autowireMode=3; dependencyCheck=0; autowireCandidate=true; primary=false; factoryBeanName=org.springframework.boot.autoconfigure.web.WebMvcAutoConfiguration$WebMvcAutoConfigurationAdapter; factoryMethodName=beanNameViewResolver; initMethodName=null; destroyMethodName=(inferred); defined in class path resource [org/springframework/boot/autoconfigure/web/WebMvcAutoConfiguration$WebMvcAutoConfigurationAdapter.class]]
2020-05-13 22:05:48.153  INFO 16530 --- [main] trationDelegate$BeanPostProcessorChecker : Bean 'org.springframework.scheduling.annotation.ProxyAsyncConfiguration' of type [class org.springframework.scheduling.annotation.ProxyAsyncConfiguration$$EnhancerBySpringCGLIB$$126921f] is not eligible for getting processed by all BeanPostProcessors (for example: not eligible for auto-proxying)
2020-05-13 22:05:48.292  INFO 16530 --- [main] trationDelegate$BeanPostProcessorChecker : Bean 'org.springframework.transaction.annotation.ProxyTransactionManagementConfiguration' of type [class org.springframework.transaction.annotation.ProxyTransactionManagementConfiguration$$EnhancerBySpringCGLIB$$ea0219de] is not eligible for getting processed by all BeanPostProcessors (for example: not eligible for auto-proxying)
2020-05-13 22:05:48.308  INFO 16530 --- [main] trationDelegate$BeanPostProcessorChecker : Bean 'transactionAttributeSource' of type [class org.springframework.transaction.annotation.AnnotationTransactionAttributeSource] is not eligible for getting processed by all BeanPostProcessors (for example: not eligible for auto-proxying)
2020-05-13 22:05:48.319  INFO 16530 --- [main] trationDelegate$BeanPostProcessorChecker : Bean 'transactionInterceptor' of type [class org.springframework.transaction.interceptor.TransactionInterceptor] is not eligible for getting processed by all BeanPostProcessors (for example: not eligible for auto-proxying)
2020-05-13 22:05:48.325  INFO 16530 --- [main] trationDelegate$BeanPostProcessorChecker : Bean 'org.springframework.transaction.config.internalTransactionAdvisor' of type [class org.springframework.transaction.interceptor.BeanFactoryTransactionAttributeSourceAdvisor] is not eligible for getting processed by all BeanPostProcessors (for example: not eligible for auto-proxying)
2020-05-13 22:05:48.751  INFO 16530 --- [main] s.b.c.e.t.TomcatEmbeddedServletContainer : Tomcat initialized with port(s): 8081 (http)
2020-05-13 22:05:49.056  INFO 16530 --- [main] o.apache.catalina.core.StandardService   : Starting service Tomcat
2020-05-13 22:05:49.059  INFO 16530 --- [main] org.apache.catalina.core.StandardEngine  : Starting Servlet Engine: Apache Tomcat/8.0.23
2020-05-13 22:05:49.196  INFO 16530 --- [localhost-startStop-1] o.a.c.c.C.[Tomcat].[localhost].[/]       : Initializing Spring embedded WebApplicationContext
2020-05-13 22:05:49.198  INFO 16530 --- [localhost-startStop-1] o.s.web.context.ContextLoader            : Root WebApplicationContext: initialization completed in 2441 ms
2020-05-13 22:05:49.964  INFO 16530 --- [localhost-startStop-1] o.s.b.c.e.ServletRegistrationBean        : Mapping servlet: 'dispatcherServlet' to [/]
2020-05-13 22:05:49.969  INFO 16530 --- [localhost-startStop-1] o.s.b.c.embedded.FilterRegistrationBean  : Mapping filter: 'characterEncodingFilter' to: [/*]
2020-05-13 22:05:49.970  INFO 16530 --- [localhost-startStop-1] o.s.b.c.embedded.FilterRegistrationBean  : Mapping filter: 'hiddenHttpMethodFilter' to: [/*]
2020-05-13 22:05:50.287  INFO 16530 --- [main] j.LocalContainerEntityManagerFactoryBean : Building JPA container EntityManagerFactory for persistence unit 'default'
2020-05-13 22:05:50.297  INFO 16530 --- [main] o.hibernate.jpa.internal.util.LogHelper  : HHH000204: Processing PersistenceUnitInfo [
	name: default
	...]
2020-05-13 22:05:50.407  INFO 16530 --- [main] org.hibernate.Version                    : HHH000412: Hibernate Core {4.3.10.Final}
2020-05-13 22:05:50.409  INFO 16530 --- [main] org.hibernate.cfg.Environment            : HHH000206: hibernate.properties not found
2020-05-13 22:05:50.413  INFO 16530 --- [main] org.hibernate.cfg.Environment            : HHH000021: Bytecode provider name : javassist
2020-05-13 22:05:50.709  INFO 16530 --- [main] o.hibernate.annotations.common.Version   : HCANN000001: Hibernate Commons Annotations {4.0.5.Final}
2020-05-13 22:05:51.071  INFO 16530 --- [main] org.hibernate.dialect.Dialect            : HHH000400: Using dialect: org.hibernate.dialect.H2Dialect
2020-05-13 22:05:51.204  INFO 16530 --- [main] o.h.h.i.ast.ASTQueryTranslatorFactory    : HHH000397: Using ASTQueryTranslatorFactory
2020-05-13 22:05:51.405  INFO 16530 --- [main] org.hibernate.tool.hbm2ddl.SchemaExport  : HHH000227: Running hbm2ddl schema export
2020-05-13 22:05:51.417  INFO 16530 --- [main] org.hibernate.tool.hbm2ddl.SchemaExport  : HHH000230: Schema export complete
2020-05-13 22:05:51.938  INFO 16530 --- [main] s.w.s.m.m.a.RequestMappingHandlerAdapter : Looking for @ControllerAdvice: org.springframework.boot.context.embedded.AnnotationConfigEmbeddedWebApplicationContext@6c5eaf5e: startup date [Wed May 13 22:05:46 IST 2020]; root of context hierarchy
2020-05-13 22:05:52.027  INFO 16530 --- [main] s.w.s.m.m.a.RequestMappingHandlerMapping : Mapped "{[/smartkent],methods=[GET]}" onto public java.util.List<com.nie.elevator.business.Elevator> com.nie.elevator.controller.ElevatorController.findElevators()
2020-05-13 22:05:52.029  INFO 16530 --- [main] s.w.s.m.m.a.RequestMappingHandlerMapping : Mapped "{[/smartkent/liftsimulation],methods=[GET]}" onto public java.lang.String com.nie.elevator.controller.ElevatorController.requestElevator(int,int)
2020-05-13 22:05:52.031  INFO 16530 --- [main] s.w.s.m.m.a.RequestMappingHandlerMapping : Mapped "{[/elevatormovements/{elevatorID}],methods=[GET]}" onto public java.util.List<com.nie.elevator.model.ElevatorMovement> com.nie.elevator.controller.ElevatorMovementController.findElevatorMovementsOfElevator(java.lang.String)
2020-05-13 22:05:52.036  INFO 16530 --- [main] s.w.s.m.m.a.RequestMappingHandlerMapping : Mapped "{[/elevatormovements],methods=[GET]}" onto public java.util.List<com.nie.elevator.model.ElevatorMovement> com.nie.elevator.controller.ElevatorMovementController.findElevatorMovements()
2020-05-13 22:05:52.038  INFO 16530 --- [main] s.w.s.m.m.a.RequestMappingHandlerMapping : Mapped "{[/error],produces=[text/html]}" onto public org.springframework.web.servlet.ModelAndView org.springframework.boot.autoconfigure.web.BasicErrorController.errorHtml(javax.servlet.http.HttpServletRequest)
2020-05-13 22:05:52.064  INFO 16530 --- [main] s.w.s.m.m.a.RequestMappingHandlerMapping : Mapped "{[/error]}" onto public org.springframework.http.ResponseEntity<java.util.Map<java.lang.String, java.lang.Object>> org.springframework.boot.autoconfigure.web.BasicErrorController.error(javax.servlet.http.HttpServletRequest)
2020-05-13 22:05:52.076  INFO 16530 --- [main] o.s.w.s.c.a.WebMvcConfigurerAdapter      : Adding welcome page: file:/home/praneeth/Documents/Spring-boot/AA/ElevatorApplication/target/classes/static/index.html
2020-05-13 22:05:52.146  INFO 16530 --- [main] o.s.w.s.handler.SimpleUrlHandlerMapping  : Root mapping to handler of type [class org.springframework.web.servlet.mvc.ParameterizableViewController]
2020-05-13 22:05:52.169  INFO 16530 --- [main] o.s.w.s.handler.SimpleUrlHandlerMapping  : Mapped URL path [/webjars/**] onto handler of type [class org.springframework.web.servlet.resource.ResourceHttpRequestHandler]
2020-05-13 22:05:52.180  INFO 16530 --- [main] o.s.w.s.handler.SimpleUrlHandlerMapping  : Mapped URL path [/**] onto handler of type [class org.springframework.web.servlet.resource.ResourceHttpRequestHandler]
2020-05-13 22:05:52.246  INFO 16530 --- [main] o.s.w.s.handler.SimpleUrlHandlerMapping  : Mapped URL path [/**/favicon.ico] onto handler of type [class org.springframework.web.servlet.resource.ResourceHttpRequestHandler]
2020-05-13 22:05:52.410  INFO 16530 --- [main] o.s.j.e.a.AnnotationMBeanExporter        : Registering beans for JMX exposure on startup
2020-05-13 22:05:52.515  INFO 16530 --- [main] s.b.c.e.t.TomcatEmbeddedServletContainer : Tomcat started on port(s): 8081 (http)
2020-05-13 22:05:52.519  INFO 16530 --- [main] com.nie.elevator.Application             : Started Application in 6.047 seconds (JVM running for 18.367)
2020-05-13 22:05:55.251  INFO 16530 --- [http-nio-8081-exec-1] o.a.c.c.C.[Tomcat].[localhost].[/]       : Initializing Spring FrameworkServlet 'dispatcherServlet'
2020-05-13 22:05:55.252  INFO 16530 --- [http-nio-8081-exec-1] o.s.web.servlet.DispatcherServlet        : FrameworkServlet 'dispatcherServlet': initialization started
2020-05-13 22:05:55.273  INFO 16530 --- [http-nio-8081-exec-1] o.s.web.servlet.DispatcherServlet        : FrameworkServlet 'dispatcherServlet': initialization completed in 21 ms
2020-05-13 22:05:55.376  INFO 16530 --- [http-nio-8081-exec-1] com.nie.elevator.business.Elevator       : 1589387755376.123 {liftId:1,state:IDLE,direction:NAN, person:0, toFloorNo:1}
2020-05-13 22:05:58.472  INFO 16530 --- [SimpleAsyncTaskExecutor-1] com.nie.elevator.business.Elevator       : 1589387758472.123 {liftId:1,state:TO_PICKUP,direction:UP, person:0, toFloorNo:5}
2020-05-13 22:05:58.475  INFO 16530 --- [SimpleAsyncTaskExecutor-1] com.nie.elevator.business.Elevator       : 1589387758474.123 {liftId:1,state:TO_PICKUP,direction:UP, person:0, toFloorNo:5}
2020-05-13 22:06:02.483  INFO 16530 --- [SimpleAsyncTaskExecutor-1] com.nie.elevator.business.Elevator       : 1589387762483.123 {liftId:1,state:PICKUP,direction:UP, person:0, toFloorNo:5}
2020-05-13 22:06:02.483  INFO 16530 --- [SimpleAsyncTaskExecutor-1] com.nie.elevator.business.Elevator       : 1589387762483.123 {liftId:1,state:PICKUP,direction:UP, person:0, toFloorNo:5}
2020-05-13 22:06:05.485  INFO 16530 --- [SimpleAsyncTaskExecutor-1] com.nie.elevator.business.Elevator       : 1589387765485.123 {liftId:1,state:TO_PICKUP,direction:UP, person:0, toFloorNo:9}
2020-05-13 22:06:05.487  INFO 16530 --- [SimpleAsyncTaskExecutor-1] com.nie.elevator.business.Elevator       : 1589387765487.123 {liftId:1,state:TO_PICKUP,direction:UP, person:0, toFloorNo:9}
2020-05-13 22:06:09.517  INFO 16530 --- [SimpleAsyncTaskExecutor-1] com.nie.elevator.business.Elevator       : 1589387769517.123 {liftId:1,state:IDLE,direction:UP, person:0, toFloorNo:1}
2020-05-13 22:06:09.519  INFO 16530 --- [SimpleAsyncTaskExecutor-1] com.nie.elevator.business.Elevator       : 1589387769519.123 {liftId:1,state:DROPOFF,direction:UP, person:0, toFloorNo:1}
2020-05-13 22:21:01.475  INFO 16530 --- [Thread-2] ationConfigEmbeddedWebApplicationContext : Closing org.springframework.boot.context.embedded.AnnotationConfigEmbeddedWebApplicationContext@6c5eaf5e: startup date [Wed May 13 22:05:46 IST 2020]; root of context hierarchy
2020-05-13 22:21:01.515  INFO 16530 --- [Thread-2] o.s.j.e.a.AnnotationMBeanExporter        : Unregistering JMX-exposed beans on shutdown
2020-05-13 22:21:01.538  INFO 16530 --- [Thread-2] j.LocalContainerEntityManagerFactoryBean : Closing JPA EntityManagerFactory for persistence unit 'default'
2020-05-13 22:21:01.540  INFO 16530 --- [Thread-2] org.hibernate.tool.hbm2ddl.SchemaExport  : HHH000227: Running hbm2ddl schema export
2020-05-13 22:21:01.571  INFO 16530 --- [Thread-2] org.hibernate.tool.hbm2ddl.SchemaExport  : HHH000230: Schema export complete
2020-05-13 22:22:35.712  INFO 17585 --- [main] com.nie.elevator.Application             : Starting Application on praneeth-X556UV with PID 17585 (/home/praneeth/Documents/Spring-boot/AA/ElevatorApplication/target/classes started by praneeth in /home/praneeth/Documents/Spring-boot/AA/ElevatorApplication)
2020-05-13 22:22:35.815  INFO 17585 --- [main] ationConfigEmbeddedWebApplicationContext : Refreshing org.springframework.boot.context.embedded.AnnotationConfigEmbeddedWebApplicationContext@3b91c3ec: startup date [Wed May 13 22:22:35 IST 2020]; root of context hierarchy
2020-05-13 22:22:38.135  INFO 17585 --- [main] o.s.b.f.s.DefaultListableBeanFactory     : Overriding bean definition for bean 'beanNameViewResolver': replacing [Root bean: class [null]; scope=; abstract=false; lazyInit=false; autowireMode=3; dependencyCheck=0; autowireCandidate=true; primary=false; factoryBeanName=org.springframework.boot.autoconfigure.web.ErrorMvcAutoConfiguration$WhitelabelErrorViewConfiguration; factoryMethodName=beanNameViewResolver; initMethodName=null; destroyMethodName=(inferred); defined in class path resource [org/springframework/boot/autoconfigure/web/ErrorMvcAutoConfiguration$WhitelabelErrorViewConfiguration.class]] with [Root bean: class [null]; scope=; abstract=false; lazyInit=false; autowireMode=3; dependencyCheck=0; autowireCandidate=true; primary=false; factoryBeanName=org.springframework.boot.autoconfigure.web.WebMvcAutoConfiguration$WebMvcAutoConfigurationAdapter; factoryMethodName=beanNameViewResolver; initMethodName=null; destroyMethodName=(inferred); defined in class path resource [org/springframework/boot/autoconfigure/web/WebMvcAutoConfiguration$WebMvcAutoConfigurationAdapter.class]]
2020-05-13 22:22:40.563  INFO 17585 --- [main] trationDelegate$BeanPostProcessorChecker : Bean 'org.springframework.scheduling.annotation.ProxyAsyncConfiguration' of type [class org.springframework.scheduling.annotation.ProxyAsyncConfiguration$$EnhancerBySpringCGLIB$$fd068139] is not eligible for getting processed by all BeanPostProcessors (for example: not eligible for auto-proxying)
2020-05-13 22:22:40.773  INFO 17585 --- [main] trationDelegate$BeanPostProcessorChecker : Bean 'org.springframework.transaction.annotation.ProxyTransactionManagementConfiguration' of type [class org.springframework.transaction.annotation.ProxyTransactionManagementConfiguration$$EnhancerBySpringCGLIB$$e5e208f8] is not eligible for getting processed by all BeanPostProcessors (for example: not eligible for auto-proxying)
2020-05-13 22:22:40.811  INFO 17585 --- [main] trationDelegate$BeanPostProcessorChecker : Bean 'transactionAttributeSource' of type [class org.springframework.transaction.annotation.AnnotationTransactionAttributeSource] is not eligible for getting processed by all BeanPostProcessors (for example: not eligible for auto-proxying)
2020-05-13 22:22:40.836  INFO 17585 --- [main] trationDelegate$BeanPostProcessorChecker : Bean 'transactionInterceptor' of type [class org.springframework.transaction.interceptor.TransactionInterceptor] is not eligible for getting processed by all BeanPostProcessors (for example: not eligible for auto-proxying)
2020-05-13 22:22:40.840  INFO 17585 --- [main] trationDelegate$BeanPostProcessorChecker : Bean 'org.springframework.transaction.config.internalTransactionAdvisor' of type [class org.springframework.transaction.interceptor.BeanFactoryTransactionAttributeSourceAdvisor] is not eligible for getting processed by all BeanPostProcessors (for example: not eligible for auto-proxying)
2020-05-13 22:22:43.101  INFO 17585 --- [main] s.b.c.e.t.TomcatEmbeddedServletContainer : Tomcat initialized with port(s): 8081 (http)
2020-05-13 22:22:44.160  INFO 17585 --- [main] o.apache.catalina.core.StandardService   : Starting service Tomcat
2020-05-13 22:22:44.162  INFO 17585 --- [main] org.apache.catalina.core.StandardEngine  : Starting Servlet Engine: Apache Tomcat/8.0.23
2020-05-13 22:22:44.584  INFO 17585 --- [localhost-startStop-1] o.a.c.c.C.[Tomcat].[localhost].[/]       : Initializing Spring embedded WebApplicationContext
2020-05-13 22:22:44.586  INFO 17585 --- [localhost-startStop-1] o.s.web.context.ContextLoader            : Root WebApplicationContext: initialization completed in 8771 ms
2020-05-13 22:22:48.259  INFO 17585 --- [localhost-startStop-1] o.s.b.c.e.ServletRegistrationBean        : Mapping servlet: 'dispatcherServlet' to [/]
2020-05-13 22:22:48.265  INFO 17585 --- [localhost-startStop-1] o.s.b.c.embedded.FilterRegistrationBean  : Mapping filter: 'characterEncodingFilter' to: [/*]
2020-05-13 22:22:48.266  INFO 17585 --- [localhost-startStop-1] o.s.b.c.embedded.FilterRegistrationBean  : Mapping filter: 'hiddenHttpMethodFilter' to: [/*]
2020-05-13 22:22:48.660  INFO 17585 --- [localhost-startStop-1] o.a.c.util.SessionIdGeneratorBase        : Creation of SecureRandom instance for session ID generation using [SHA1PRNG] took [154] milliseconds.
2020-05-13 22:22:49.330  INFO 17585 --- [main] j.LocalContainerEntityManagerFactoryBean : Building JPA container EntityManagerFactory for persistence unit 'default'
2020-05-13 22:22:49.596  INFO 17585 --- [main] o.hibernate.jpa.internal.util.LogHelper  : HHH000204: Processing PersistenceUnitInfo [
	name: default
	...]
2020-05-13 22:22:50.530  INFO 17585 --- [main] org.hibernate.Version                    : HHH000412: Hibernate Core {4.3.10.Final}
2020-05-13 22:22:50.557  INFO 17585 --- [main] org.hibernate.cfg.Environment            : HHH000206: hibernate.properties not found
2020-05-13 22:22:50.567  INFO 17585 --- [main] org.hibernate.cfg.Environment            : HHH000021: Bytecode provider name : javassist
2020-05-13 22:22:52.381  INFO 17585 --- [main] o.hibernate.annotations.common.Version   : HCANN000001: Hibernate Commons Annotations {4.0.5.Final}
2020-05-13 22:22:54.511  INFO 17585 --- [main] org.hibernate.dialect.Dialect            : HHH000400: Using dialect: org.hibernate.dialect.H2Dialect
2020-05-13 22:22:55.198  INFO 17585 --- [main] o.h.h.i.ast.ASTQueryTranslatorFactory    : HHH000397: Using ASTQueryTranslatorFactory
2020-05-13 22:22:56.444  INFO 17585 --- [main] org.hibernate.tool.hbm2ddl.SchemaExport  : HHH000227: Running hbm2ddl schema export
2020-05-13 22:22:56.451  INFO 17585 --- [main] org.hibernate.tool.hbm2ddl.SchemaExport  : HHH000230: Schema export complete
2020-05-13 22:22:58.016  INFO 17585 --- [main] s.w.s.m.m.a.RequestMappingHandlerAdapter : Looking for @ControllerAdvice: org.springframework.boot.context.embedded.AnnotationConfigEmbeddedWebApplicationContext@3b91c3ec: startup date [Wed May 13 22:22:35 IST 2020]; root of context hierarchy
2020-05-13 22:22:58.095  INFO 17585 --- [main] s.w.s.m.m.a.RequestMappingHandlerMapping : Mapped "{[/smartkent],methods=[GET]}" onto public java.util.List<com.nie.elevator.business.Elevator> com.nie.elevator.controller.ElevatorController.findElevators()
2020-05-13 22:22:58.095  INFO 17585 --- [main] s.w.s.m.m.a.RequestMappingHandlerMapping : Mapped "{[/smartkent/liftsimulation],methods=[GET]}" onto public java.lang.String com.nie.elevator.controller.ElevatorController.requestElevator(int,int)
2020-05-13 22:22:58.097  INFO 17585 --- [main] s.w.s.m.m.a.RequestMappingHandlerMapping : Mapped "{[/error],produces=[text/html]}" onto public org.springframework.web.servlet.ModelAndView org.springframework.boot.autoconfigure.web.BasicErrorController.errorHtml(javax.servlet.http.HttpServletRequest)
2020-05-13 22:22:58.097  INFO 17585 --- [main] s.w.s.m.m.a.RequestMappingHandlerMapping : Mapped "{[/error]}" onto public org.springframework.http.ResponseEntity<java.util.Map<java.lang.String, java.lang.Object>> org.springframework.boot.autoconfigure.web.BasicErrorController.error(javax.servlet.http.HttpServletRequest)
2020-05-13 22:22:58.100  INFO 17585 --- [main] o.s.w.s.c.a.WebMvcConfigurerAdapter      : Adding welcome page: file:/home/praneeth/Documents/Spring-boot/AA/ElevatorApplication/target/classes/static/index.html
2020-05-13 22:22:58.110  INFO 17585 --- [main] o.s.w.s.handler.SimpleUrlHandlerMapping  : Root mapping to handler of type [class org.springframework.web.servlet.mvc.ParameterizableViewController]
2020-05-13 22:22:58.127  INFO 17585 --- [main] o.s.w.s.handler.SimpleUrlHandlerMapping  : Mapped URL path [/webjars/**] onto handler of type [class org.springframework.web.servlet.resource.ResourceHttpRequestHandler]
2020-05-13 22:22:58.128  INFO 17585 --- [main] o.s.w.s.handler.SimpleUrlHandlerMapping  : Mapped URL path [/**] onto handler of type [class org.springframework.web.servlet.resource.ResourceHttpRequestHandler]
2020-05-13 22:22:58.193  INFO 17585 --- [main] o.s.w.s.handler.SimpleUrlHandlerMapping  : Mapped URL path [/**/favicon.ico] onto handler of type [class org.springframework.web.servlet.resource.ResourceHttpRequestHandler]
2020-05-13 22:22:58.633  INFO 17585 --- [main] o.s.j.e.a.AnnotationMBeanExporter        : Registering beans for JMX exposure on startup
2020-05-13 22:22:58.943  INFO 17585 --- [main] s.b.c.e.t.TomcatEmbeddedServletContainer : Tomcat started on port(s): 8081 (http)
2020-05-13 22:22:58.945  INFO 17585 --- [main] com.nie.elevator.Application             : Started Application in 24.731 seconds (JVM running for 78.994)
2020-05-13 22:23:03.415  INFO 17585 --- [http-nio-8081-exec-1] o.a.c.c.C.[Tomcat].[localhost].[/]       : Initializing Spring FrameworkServlet 'dispatcherServlet'
2020-05-13 22:23:03.416  INFO 17585 --- [http-nio-8081-exec-1] o.s.web.servlet.DispatcherServlet        : FrameworkServlet 'dispatcherServlet': initialization started
2020-05-13 22:23:03.432  INFO 17585 --- [http-nio-8081-exec-1] o.s.web.servlet.DispatcherServlet        : FrameworkServlet 'dispatcherServlet': initialization completed in 16 ms
2020-05-13 22:23:03.541  INFO 17585 --- [http-nio-8081-exec-1] com.nie.elevator.business.Elevator       : 1589388783541.123 {liftId:1,state:IDLE,direction:NAN, person:0, toFloorNo:1}
2020-05-13 22:23:06.610  INFO 17585 --- [SimpleAsyncTaskExecutor-1] com.nie.elevator.business.Elevator       : 1589388786610.123 {liftId:1,state:TO_PICKUP,direction:UP, person:0, toFloorNo:5}
2020-05-13 22:23:06.612  INFO 17585 --- [SimpleAsyncTaskExecutor-1] com.nie.elevator.business.Elevator       : 1589388786612.123 {liftId:1,state:TO_PICKUP,direction:UP, person:0, toFloorNo:5}
2020-05-13 22:23:10.623  INFO 17585 --- [SimpleAsyncTaskExecutor-1] com.nie.elevator.business.Elevator       : 1589388790623.123 {liftId:1,state:PICKUP,direction:UP, person:0, toFloorNo:5}
2020-05-13 22:23:10.625  INFO 17585 --- [SimpleAsyncTaskExecutor-1] com.nie.elevator.business.Elevator       : 1589388790625.123 {liftId:1,state:PICKUP,direction:UP, person:0, toFloorNo:5}
2020-05-13 22:23:13.634  INFO 17585 --- [SimpleAsyncTaskExecutor-1] com.nie.elevator.business.Elevator       : 1589388793633.123 {liftId:1,state:TO_PICKUP,direction:UP, person:0, toFloorNo:9}
2020-05-13 22:23:13.634  INFO 17585 --- [SimpleAsyncTaskExecutor-1] com.nie.elevator.business.Elevator       : 1589388793634.123 {liftId:1,state:TO_PICKUP,direction:UP, person:0, toFloorNo:9}
2020-05-13 22:23:17.639  INFO 17585 --- [SimpleAsyncTaskExecutor-1] com.nie.elevator.business.Elevator       : 1589388797639.123 {liftId:1,state:IDLE,direction:UP, person:0, toFloorNo:1}
2020-05-13 22:23:17.641  INFO 17585 --- [SimpleAsyncTaskExecutor-1] com.nie.elevator.business.Elevator       : 1589388797641.123 {liftId:1,state:DROPOFF,direction:UP, person:0, toFloorNo:1}
2020-05-13 22:24:43.900  INFO 17585 --- [Thread-2] ationConfigEmbeddedWebApplicationContext : Closing org.springframework.boot.context.embedded.AnnotationConfigEmbeddedWebApplicationContext@3b91c3ec: startup date [Wed May 13 22:22:35 IST 2020]; root of context hierarchy
2020-05-13 22:24:43.912  INFO 17585 --- [Thread-2] o.s.j.e.a.AnnotationMBeanExporter        : Unregistering JMX-exposed beans on shutdown
2020-05-13 22:24:43.937  INFO 17585 --- [Thread-2] j.LocalContainerEntityManagerFactoryBean : Closing JPA EntityManagerFactory for persistence unit 'default'
2020-05-13 22:24:43.944  INFO 17585 --- [Thread-2] org.hibernate.tool.hbm2ddl.SchemaExport  : HHH000227: Running hbm2ddl schema export
2020-05-13 22:24:43.978  INFO 17585 --- [Thread-2] org.hibernate.tool.hbm2ddl.SchemaExport  : HHH000230: Schema export complete
2020-05-13 22:26:48.784  INFO 18043 --- [main] com.nie.elevator.Application             : Starting Application on praneeth-X556UV with PID 18043 (/home/praneeth/Documents/Spring-boot/AA/ElevatorApplication/target/classes started by praneeth in /home/praneeth/Documents/Spring-boot/AA/ElevatorApplication)
2020-05-13 22:26:48.923  INFO 18043 --- [main] ationConfigEmbeddedWebApplicationContext : Refreshing org.springframework.boot.context.embedded.AnnotationConfigEmbeddedWebApplicationContext@102835da: startup date [Wed May 13 22:26:48 IST 2020]; root of context hierarchy
2020-05-13 22:26:50.285  INFO 18043 --- [main] o.s.b.f.s.DefaultListableBeanFactory     : Overriding bean definition for bean 'beanNameViewResolver': replacing [Root bean: class [null]; scope=; abstract=false; lazyInit=false; autowireMode=3; dependencyCheck=0; autowireCandidate=true; primary=false; factoryBeanName=org.springframework.boot.autoconfigure.web.ErrorMvcAutoConfiguration$WhitelabelErrorViewConfiguration; factoryMethodName=beanNameViewResolver; initMethodName=null; destroyMethodName=(inferred); defined in class path resource [org/springframework/boot/autoconfigure/web/ErrorMvcAutoConfiguration$WhitelabelErrorViewConfiguration.class]] with [Root bean: class [null]; scope=; abstract=false; lazyInit=false; autowireMode=3; dependencyCheck=0; autowireCandidate=true; primary=false; factoryBeanName=org.springframework.boot.autoconfigure.web.WebMvcAutoConfiguration$WebMvcAutoConfigurationAdapter; factoryMethodName=beanNameViewResolver; initMethodName=null; destroyMethodName=(inferred); defined in class path resource [org/springframework/boot/autoconfigure/web/WebMvcAutoConfiguration$WebMvcAutoConfigurationAdapter.class]]
2020-05-13 22:26:51.755  INFO 18043 --- [main] trationDelegate$BeanPostProcessorChecker : Bean 'org.springframework.scheduling.annotation.ProxyAsyncConfiguration' of type [class org.springframework.scheduling.annotation.ProxyAsyncConfiguration$$EnhancerBySpringCGLIB$$e9012e28] is not eligible for getting processed by all BeanPostProcessors (for example: not eligible for auto-proxying)
2020-05-13 22:26:51.987  INFO 18043 --- [main] trationDelegate$BeanPostProcessorChecker : Bean 'org.springframework.transaction.annotation.ProxyTransactionManagementConfiguration' of type [class org.springframework.transaction.annotation.ProxyTransactionManagementConfiguration$$EnhancerBySpringCGLIB$$d1dcb5e7] is not eligible for getting processed by all BeanPostProcessors (for example: not eligible for auto-proxying)
2020-05-13 22:26:52.003  INFO 18043 --- [main] trationDelegate$BeanPostProcessorChecker : Bean 'transactionAttributeSource' of type [class org.springframework.transaction.annotation.AnnotationTransactionAttributeSource] is not eligible for getting processed by all BeanPostProcessors (for example: not eligible for auto-proxying)
2020-05-13 22:26:52.016  INFO 18043 --- [main] trationDelegate$BeanPostProcessorChecker : Bean 'transactionInterceptor' of type [class org.springframework.transaction.interceptor.TransactionInterceptor] is not eligible for getting processed by all BeanPostProcessors (for example: not eligible for auto-proxying)
2020-05-13 22:26:52.023  INFO 18043 --- [main] trationDelegate$BeanPostProcessorChecker : Bean 'org.springframework.transaction.config.internalTransactionAdvisor' of type [class org.springframework.transaction.interceptor.BeanFactoryTransactionAttributeSourceAdvisor] is not eligible for getting processed by all BeanPostProcessors (for example: not eligible for auto-proxying)
2020-05-13 22:26:53.597  INFO 18043 --- [main] s.b.c.e.t.TomcatEmbeddedServletContainer : Tomcat initialized with port(s): 8081 (http)
2020-05-13 22:26:54.340  INFO 18043 --- [main] o.apache.catalina.core.StandardService   : Starting service Tomcat
2020-05-13 22:26:54.342  INFO 18043 --- [main] org.apache.catalina.core.StandardEngine  : Starting Servlet Engine: Apache Tomcat/8.0.23
2020-05-13 22:26:54.803  INFO 18043 --- [localhost-startStop-1] o.a.c.c.C.[Tomcat].[localhost].[/]       : Initializing Spring embedded WebApplicationContext
2020-05-13 22:26:54.806  INFO 18043 --- [localhost-startStop-1] o.s.web.context.ContextLoader            : Root WebApplicationContext: initialization completed in 5883 ms
2020-05-13 22:26:57.045  INFO 18043 --- [localhost-startStop-1] o.s.b.c.e.ServletRegistrationBean        : Mapping servlet: 'dispatcherServlet' to [/]
2020-05-13 22:26:57.058  INFO 18043 --- [localhost-startStop-1] o.s.b.c.embedded.FilterRegistrationBean  : Mapping filter: 'characterEncodingFilter' to: [/*]
2020-05-13 22:26:57.060  INFO 18043 --- [localhost-startStop-1] o.s.b.c.embedded.FilterRegistrationBean  : Mapping filter: 'hiddenHttpMethodFilter' to: [/*]
2020-05-13 22:26:57.318  INFO 18043 --- [localhost-startStop-1] o.a.c.util.SessionIdGeneratorBase        : Creation of SecureRandom instance for session ID generation using [SHA1PRNG] took [108] milliseconds.
2020-05-13 22:26:57.648  INFO 18043 --- [main] j.LocalContainerEntityManagerFactoryBean : Building JPA container EntityManagerFactory for persistence unit 'default'
2020-05-13 22:26:57.785  INFO 18043 --- [main] o.hibernate.jpa.internal.util.LogHelper  : HHH000204: Processing PersistenceUnitInfo [
	name: default
	...]
2020-05-13 22:26:58.239  INFO 18043 --- [main] org.hibernate.Version                    : HHH000412: Hibernate Core {4.3.10.Final}
2020-05-13 22:26:58.242  INFO 18043 --- [main] org.hibernate.cfg.Environment            : HHH000206: hibernate.properties not found
2020-05-13 22:26:58.245  INFO 18043 --- [main] org.hibernate.cfg.Environment            : HHH000021: Bytecode provider name : javassist
2020-05-13 22:26:59.206  INFO 18043 --- [main] o.hibernate.annotations.common.Version   : HCANN000001: Hibernate Commons Annotations {4.0.5.Final}
2020-05-13 22:27:01.067  INFO 18043 --- [main] org.hibernate.dialect.Dialect            : HHH000400: Using dialect: org.hibernate.dialect.H2Dialect
2020-05-13 22:27:01.671  INFO 18043 --- [main] o.h.h.i.ast.ASTQueryTranslatorFactory    : HHH000397: Using ASTQueryTranslatorFactory
2020-05-13 22:27:02.797  INFO 18043 --- [main] org.hibernate.tool.hbm2ddl.SchemaExport  : HHH000227: Running hbm2ddl schema export
2020-05-13 22:27:02.804  INFO 18043 --- [main] org.hibernate.tool.hbm2ddl.SchemaExport  : HHH000230: Schema export complete
2020-05-13 22:27:04.848  INFO 18043 --- [main] s.w.s.m.m.a.RequestMappingHandlerAdapter : Looking for @ControllerAdvice: org.springframework.boot.context.embedded.AnnotationConfigEmbeddedWebApplicationContext@102835da: startup date [Wed May 13 22:26:48 IST 2020]; root of context hierarchy
2020-05-13 22:27:04.966  INFO 18043 --- [main] s.w.s.m.m.a.RequestMappingHandlerMapping : Mapped "{[/smartkent],methods=[GET]}" onto public java.util.List<com.nie.elevator.business.Elevator> com.nie.elevator.controller.ElevatorController.findElevators()
2020-05-13 22:27:04.967  INFO 18043 --- [main] s.w.s.m.m.a.RequestMappingHandlerMapping : Mapped "{[/smartkent/liftsimulation],methods=[GET]}" onto public java.lang.String com.nie.elevator.controller.ElevatorController.requestElevator(int,int)
2020-05-13 22:27:04.968  INFO 18043 --- [main] s.w.s.m.m.a.RequestMappingHandlerMapping : Mapped "{[/error],produces=[text/html]}" onto public org.springframework.web.servlet.ModelAndView org.springframework.boot.autoconfigure.web.BasicErrorController.errorHtml(javax.servlet.http.HttpServletRequest)
2020-05-13 22:27:04.969  INFO 18043 --- [main] s.w.s.m.m.a.RequestMappingHandlerMapping : Mapped "{[/error]}" onto public org.springframework.http.ResponseEntity<java.util.Map<java.lang.String, java.lang.Object>> org.springframework.boot.autoconfigure.web.BasicErrorController.error(javax.servlet.http.HttpServletRequest)
2020-05-13 22:27:04.972  INFO 18043 --- [main] o.s.w.s.c.a.WebMvcConfigurerAdapter      : Adding welcome page: file:/home/praneeth/Documents/Spring-boot/AA/ElevatorApplication/target/classes/static/index.html
2020-05-13 22:27:04.980  INFO 18043 --- [main] o.s.w.s.handler.SimpleUrlHandlerMapping  : Root mapping to handler of type [class org.springframework.web.servlet.mvc.ParameterizableViewController]
2020-05-13 22:27:04.993  INFO 18043 --- [main] o.s.w.s.handler.SimpleUrlHandlerMapping  : Mapped URL path [/webjars/**] onto handler of type [class org.springframework.web.servlet.resource.ResourceHttpRequestHandler]
2020-05-13 22:27:04.993  INFO 18043 --- [main] o.s.w.s.handler.SimpleUrlHandlerMapping  : Mapped URL path [/**] onto handler of type [class org.springframework.web.servlet.resource.ResourceHttpRequestHandler]
2020-05-13 22:27:05.062  INFO 18043 --- [main] o.s.w.s.handler.SimpleUrlHandlerMapping  : Mapped URL path [/**/favicon.ico] onto handler of type [class org.springframework.web.servlet.resource.ResourceHttpRequestHandler]
2020-05-13 22:27:05.313  INFO 18043 --- [main] o.s.j.e.a.AnnotationMBeanExporter        : Registering beans for JMX exposure on startup
2020-05-13 22:27:05.591  INFO 18043 --- [main] s.b.c.e.t.TomcatEmbeddedServletContainer : Tomcat started on port(s): 8081 (http)
2020-05-13 22:27:05.593  INFO 18043 --- [main] com.nie.elevator.Application             : Started Application in 17.82 seconds (JVM running for 28.657)
2020-05-13 22:27:11.133  INFO 18043 --- [http-nio-8081-exec-1] o.a.c.c.C.[Tomcat].[localhost].[/]       : Initializing Spring FrameworkServlet 'dispatcherServlet'
2020-05-13 22:27:11.133  INFO 18043 --- [http-nio-8081-exec-1] o.s.web.servlet.DispatcherServlet        : FrameworkServlet 'dispatcherServlet': initialization started
2020-05-13 22:27:11.198  INFO 18043 --- [http-nio-8081-exec-1] o.s.web.servlet.DispatcherServlet        : FrameworkServlet 'dispatcherServlet': initialization completed in 65 ms
2020-05-13 22:27:11.353  INFO 18043 --- [http-nio-8081-exec-1] com.nie.elevator.business.Elevator       : 1589389031353.123 {liftId:1,state:IDLE,direction:NAN, person:0, toFloorNo:1}
2020-05-13 22:27:14.579  INFO 18043 --- [SimpleAsyncTaskExecutor-1] com.nie.elevator.business.Elevator       : 1589389034579.123 {liftId:1,state:TO_PICKUP,direction:UP, person:0, toFloorNo:5}
2020-05-13 22:27:14.581  INFO 18043 --- [SimpleAsyncTaskExecutor-1] com.nie.elevator.business.Elevator       : 1589389034580.123 {liftId:1,state:TO_PICKUP,direction:UP, person:0, toFloorNo:5}
2020-05-13 22:27:17.584  INFO 18043 --- [Thread-2] ationConfigEmbeddedWebApplicationContext : Closing org.springframework.boot.context.embedded.AnnotationConfigEmbeddedWebApplicationContext@102835da: startup date [Wed May 13 22:26:48 IST 2020]; root of context hierarchy
2020-05-13 22:27:17.589  INFO 18043 --- [Thread-2] o.s.j.e.a.AnnotationMBeanExporter        : Unregistering JMX-exposed beans on shutdown
2020-05-13 22:27:17.599  INFO 18043 --- [Thread-2] j.LocalContainerEntityManagerFactoryBean : Closing JPA EntityManagerFactory for persistence unit 'default'
2020-05-13 22:27:17.600  INFO 18043 --- [Thread-2] org.hibernate.tool.hbm2ddl.SchemaExport  : HHH000227: Running hbm2ddl schema export
2020-05-13 22:27:17.640  INFO 18043 --- [Thread-2] org.hibernate.tool.hbm2ddl.SchemaExport  : HHH000230: Schema export complete
